{"/Users/mac/Public/gontobbo/.eslintrc.js": {"path":"/Users/mac/Public/gontobbo/.eslintrc.js","statementMap":{"0":{"start":{"line":1,"column":0},"end":{"line":46,"column":2}}},"fnMap":{},"branchMap":{},"s":{"0":0},"f":{},"b":{}}
,"/Users/mac/Public/gontobbo/metro.config.js": {"path":"/Users/mac/Public/gontobbo/metro.config.js","statementMap":{"0":{"start":{"line":2,"column":29},"end":{"line":2,"column":57}},"1":{"start":{"line":14,"column":15},"end":{"line":14,"column":42}},"2":{"start":{"line":16,"column":0},"end":{"line":16,"column":24}}},"fnMap":{},"branchMap":{},"s":{"0":0,"1":0,"2":0},"f":{},"b":{}}
}
